<?xml version="1.0" encoding="UTF-8"?>
<!-- Generated by org.testng.reporters.JUnitXMLReporter -->
<testsuite hostname="Acer" name="Test" tests="6" failures="0" timestamp="5 Jan 2020 06:07:32 GMT" time="14.847" errors="0">
  <testcase name="DressesTag" time="0.584" classname="app.tests.HomePageTest"/>
  <testcase name="shirtsTag" time="0.283" classname="app.tests.HomePageTest"/>
  <testcase name="verifyDressespage" time="4.706" classname="app.tests.HomePageTest"/>
  <testcase name="verifyWomenTag" time="0.282" classname="app.tests.HomePageTest"/>
  <testcase name="verifyWomenpage" time="3.994" classname="app.tests.HomePageTest"/>
  <testcase name="verifyshirtspage" time="4.96" classname="app.tests.HomePageTest"/>
</testsuite> <!-- Test -->
